This file contains any messages produced by compilers while
running configure, to aid debugging if configure makes a mistake.

It was created by btrfs-progs configure v6.9, which was
generated by GNU Autoconf 2.72.  Invocation command line was

  $ ./configure

## --------- ##
## Platform. ##
## --------- ##

hostname = sys5
uname -m = x86_64
uname -r = 6.4.8la-CoW
uname -s = Linux
uname -v = #19 SMP PREEMPT_DYNAMIC Thu May 16 10:58:33 UTC 2024

/usr/bin/uname -p = x86_64
/bin/uname -X     = unknown

/bin/arch              = x86_64
/usr/bin/arch -k       = unknown
/usr/convex/getsysinfo = unknown
/usr/bin/hostinfo      = unknown
/bin/machine           = unknown
/usr/bin/oslevel       = unknown
/bin/universe          = unknown

PATH: /usr/local/sbin/
PATH: /usr/local/bin/
PATH: /usr/sbin/
PATH: /usr/bin/
PATH: /sbin/
PATH: /bin/
PATH: /usr/games/
PATH: /usr/local/games/
PATH: /snap/bin/


## ----------- ##
## Core tests. ##
## ----------- ##

configure:2597: looking for aux files: install-sh config.guess config.sub
configure:2610:  trying ./config/
configure:2621:   ./config/install-sh found
configure:2639:   ./config/config.guess found
configure:2639:   ./config/config.sub found
configure:2842: checking for gcc
configure:2863: found /usr/bin/gcc
configure:2875: result: gcc
configure:3234: checking for C compiler version
configure:3243: gcc --version >&5
gcc (Ubuntu 11.4.0-1ubuntu1~22.04) 11.4.0
Copyright (C) 2021 Free Software Foundation, Inc.
This is free software; see the source for copying conditions.  There is NO
warranty; not even for MERCHANTABILITY or FITNESS FOR A PARTICULAR PURPOSE.

configure:3254: $? = 0
configure:3243: gcc -v >&5
Using built-in specs.
COLLECT_GCC=gcc
COLLECT_LTO_WRAPPER=/usr/lib/gcc/x86_64-linux-gnu/11/lto-wrapper
OFFLOAD_TARGET_NAMES=nvptx-none:amdgcn-amdhsa
OFFLOAD_TARGET_DEFAULT=1
Target: x86_64-linux-gnu
Configured with: ../src/configure -v --with-pkgversion='Ubuntu 11.4.0-1ubuntu1~22.04' --with-bugurl=file:///usr/share/doc/gcc-11/README.Bugs --enable-languages=c,ada,c++,go,brig,d,fortran,objc,obj-c++,m2 --prefix=/usr --with-gcc-major-version-only --program-suffix=-11 --program-prefix=x86_64-linux-gnu- --enable-shared --enable-linker-build-id --libexecdir=/usr/lib --without-included-gettext --enable-threads=posix --libdir=/usr/lib --enable-nls --enable-bootstrap --enable-clocale=gnu --enable-libstdcxx-debug --enable-libstdcxx-time=yes --with-default-libstdcxx-abi=new --enable-gnu-unique-object --disable-vtable-verify --enable-plugin --enable-default-pie --with-system-zlib --enable-libphobos-checking=release --with-target-system-zlib=auto --enable-objc-gc=auto --enable-multiarch --disable-werror --enable-cet --with-arch-32=i686 --with-abi=m64 --with-multilib-list=m32,m64,mx32 --enable-multilib --with-tune=generic --enable-offload-targets=nvptx-none=/build/gcc-11-XeT9lY/gcc-11-11.4.0/debian/tmp-nvptx/usr,amdgcn-amdhsa=/build/gcc-11-XeT9lY/gcc-11-11.4.0/debian/tmp-gcn/usr --without-cuda-driver --enable-checking=release --build=x86_64-linux-gnu --host=x86_64-linux-gnu --target=x86_64-linux-gnu --with-build-config=bootstrap-lto-lean --enable-link-serialization=2
Thread model: posix
Supported LTO compression algorithms: zlib zstd
gcc version 11.4.0 (Ubuntu 11.4.0-1ubuntu1~22.04) 
... rest of stderr output deleted ...
configure:3254: $? = 0
configure:3243: gcc -V >&5
gcc: error: unrecognized command-line option '-V'
gcc: fatal error: no input files
compilation terminated.
configure:3254: $? = 1
configure:3243: gcc -qversion >&5
gcc: error: unrecognized command-line option '-qversion'; did you mean '--version'?
gcc: fatal error: no input files
compilation terminated.
configure:3254: $? = 1
configure:3243: gcc -version >&5
gcc: error: unrecognized command-line option '-version'
gcc: fatal error: no input files
compilation terminated.
configure:3254: $? = 1
configure:3274: checking whether the C compiler works
configure:3296: gcc -g -O2 -Wall -D_FORTIFY_SOURCE=2   conftest.c  >&5
configure:3300: $? = 0
configure:3351: result: yes
configure:3355: checking for C compiler default output file name
configure:3357: result: a.out
configure:3363: checking for suffix of executables
configure:3370: gcc -o conftest -g -O2 -Wall -D_FORTIFY_SOURCE=2   conftest.c  >&5
configure:3374: $? = 0
configure:3398: result: 
configure:3422: checking whether we are cross compiling
configure:3430: gcc -o conftest -g -O2 -Wall -D_FORTIFY_SOURCE=2   conftest.c  >&5
configure:3434: $? = 0
configure:3441: ./conftest
configure:3445: $? = 0
configure:3460: result: no
configure:3466: checking for suffix of object files
configure:3489: gcc -c -g -O2 -Wall -D_FORTIFY_SOURCE=2  conftest.c >&5
configure:3493: $? = 0
configure:3517: result: o
configure:3521: checking whether the compiler supports GNU C
configure:3541: gcc -c -g -O2 -Wall -D_FORTIFY_SOURCE=2  conftest.c >&5
configure:3541: $? = 0
configure:3553: result: yes
configure:3564: checking whether gcc accepts -g
configure:3585: gcc -c -g  conftest.c >&5
configure:3585: $? = 0
configure:3632: result: yes
configure:3652: checking for gcc option to enable C11 features
configure:3667: gcc  -c -g -O2 -Wall -D_FORTIFY_SOURCE=2  conftest.c >&5
configure:3667: $? = 0
configure:3686: result: none needed
configure:3809: checking for stdio.h
configure:3809: gcc -c -g -O2 -Wall -D_FORTIFY_SOURCE=2  conftest.c >&5
configure:3809: $? = 0
configure:3809: result: yes
configure:3809: checking for stdlib.h
configure:3809: gcc -c -g -O2 -Wall -D_FORTIFY_SOURCE=2  conftest.c >&5
configure:3809: $? = 0
configure:3809: result: yes
configure:3809: checking for string.h
configure:3809: gcc -c -g -O2 -Wall -D_FORTIFY_SOURCE=2  conftest.c >&5
configure:3809: $? = 0
configure:3809: result: yes
configure:3809: checking for inttypes.h
configure:3809: gcc -c -g -O2 -Wall -D_FORTIFY_SOURCE=2  conftest.c >&5
configure:3809: $? = 0
configure:3809: result: yes
configure:3809: checking for stdint.h
configure:3809: gcc -c -g -O2 -Wall -D_FORTIFY_SOURCE=2  conftest.c >&5
configure:3809: $? = 0
configure:3809: result: yes
configure:3809: checking for strings.h
configure:3809: gcc -c -g -O2 -Wall -D_FORTIFY_SOURCE=2  conftest.c >&5
configure:3809: $? = 0
configure:3809: result: yes
configure:3809: checking for sys/stat.h
configure:3809: gcc -c -g -O2 -Wall -D_FORTIFY_SOURCE=2  conftest.c >&5
configure:3809: $? = 0
configure:3809: result: yes
configure:3809: checking for sys/types.h
configure:3809: gcc -c -g -O2 -Wall -D_FORTIFY_SOURCE=2  conftest.c >&5
configure:3809: $? = 0
configure:3809: result: yes
configure:3809: checking for unistd.h
configure:3809: gcc -c -g -O2 -Wall -D_FORTIFY_SOURCE=2  conftest.c >&5
configure:3809: $? = 0
configure:3809: result: yes
configure:3809: checking for wchar.h
configure:3809: gcc -c -g -O2 -Wall -D_FORTIFY_SOURCE=2  conftest.c >&5
configure:3809: $? = 0
configure:3809: result: yes
configure:3809: checking for minix/config.h
configure:3809: gcc -c -g -O2 -Wall -D_FORTIFY_SOURCE=2  conftest.c >&5
conftest.c:47:10: fatal error: minix/config.h: No such file or directory
   47 | #include <minix/config.h>
      |          ^~~~~~~~~~~~~~~~
compilation terminated.
configure:3809: $? = 1
configure: failed program was:
| /* confdefs.h */
| #define PACKAGE_NAME "btrfs-progs"
| #define PACKAGE_TARNAME "btrfs-progs"
| #define PACKAGE_VERSION "v6.9"
| #define PACKAGE_STRING "btrfs-progs v6.9"
| #define PACKAGE_BUGREPORT "linux-btrfs@vger.kernel.org"
| #define PACKAGE_URL "https://btrfs.readthedocs.io"
| #define HAVE_STDIO_H 1
| #define HAVE_STDLIB_H 1
| #define HAVE_STRING_H 1
| #define HAVE_INTTYPES_H 1
| #define HAVE_STDINT_H 1
| #define HAVE_STRINGS_H 1
| #define HAVE_SYS_STAT_H 1
| #define HAVE_SYS_TYPES_H 1
| #define HAVE_UNISTD_H 1
| #define HAVE_WCHAR_H 1
| /* end confdefs.h.  */
| #include <stddef.h>
| #ifdef HAVE_STDIO_H
| # include <stdio.h>
| #endif
| #ifdef HAVE_STDLIB_H
| # include <stdlib.h>
| #endif
| #ifdef HAVE_STRING_H
| # include <string.h>
| #endif
| #ifdef HAVE_INTTYPES_H
| # include <inttypes.h>
| #endif
| #ifdef HAVE_STDINT_H
| # include <stdint.h>
| #endif
| #ifdef HAVE_STRINGS_H
| # include <strings.h>
| #endif
| #ifdef HAVE_SYS_TYPES_H
| # include <sys/types.h>
| #endif
| #ifdef HAVE_SYS_STAT_H
| # include <sys/stat.h>
| #endif
| #ifdef HAVE_UNISTD_H
| # include <unistd.h>
| #endif
| #include <minix/config.h>
configure:3809: result: no
configure:3840: checking whether it is safe to define __EXTENSIONS__
configure:3859: gcc -c -g -O2 -Wall -D_FORTIFY_SOURCE=2  conftest.c >&5
configure:3859: $? = 0
configure:3869: result: yes
configure:3872: checking whether _XOPEN_SOURCE should be defined
configure:3894: gcc -c -g -O2 -Wall -D_FORTIFY_SOURCE=2  conftest.c >&5
configure:3894: $? = 0
configure:3923: result: no
configure:4040: checking for gcc
configure:4073: result: gcc
configure:4432: checking for C compiler version
configure:4441: gcc --version >&5
gcc (Ubuntu 11.4.0-1ubuntu1~22.04) 11.4.0
Copyright (C) 2021 Free Software Foundation, Inc.
This is free software; see the source for copying conditions.  There is NO
warranty; not even for MERCHANTABILITY or FITNESS FOR A PARTICULAR PURPOSE.

configure:4452: $? = 0
configure:4441: gcc -v >&5
Using built-in specs.
COLLECT_GCC=gcc
COLLECT_LTO_WRAPPER=/usr/lib/gcc/x86_64-linux-gnu/11/lto-wrapper
OFFLOAD_TARGET_NAMES=nvptx-none:amdgcn-amdhsa
OFFLOAD_TARGET_DEFAULT=1
Target: x86_64-linux-gnu
Configured with: ../src/configure -v --with-pkgversion='Ubuntu 11.4.0-1ubuntu1~22.04' --with-bugurl=file:///usr/share/doc/gcc-11/README.Bugs --enable-languages=c,ada,c++,go,brig,d,fortran,objc,obj-c++,m2 --prefix=/usr --with-gcc-major-version-only --program-suffix=-11 --program-prefix=x86_64-linux-gnu- --enable-shared --enable-linker-build-id --libexecdir=/usr/lib --without-included-gettext --enable-threads=posix --libdir=/usr/lib --enable-nls --enable-bootstrap --enable-clocale=gnu --enable-libstdcxx-debug --enable-libstdcxx-time=yes --with-default-libstdcxx-abi=new --enable-gnu-unique-object --disable-vtable-verify --enable-plugin --enable-default-pie --with-system-zlib --enable-libphobos-checking=release --with-target-system-zlib=auto --enable-objc-gc=auto --enable-multiarch --disable-werror --enable-cet --with-arch-32=i686 --with-abi=m64 --with-multilib-list=m32,m64,mx32 --enable-multilib --with-tune=generic --enable-offload-targets=nvptx-none=/build/gcc-11-XeT9lY/gcc-11-11.4.0/debian/tmp-nvptx/usr,amdgcn-amdhsa=/build/gcc-11-XeT9lY/gcc-11-11.4.0/debian/tmp-gcn/usr --without-cuda-driver --enable-checking=release --build=x86_64-linux-gnu --host=x86_64-linux-gnu --target=x86_64-linux-gnu --with-build-config=bootstrap-lto-lean --enable-link-serialization=2
Thread model: posix
Supported LTO compression algorithms: zlib zstd
gcc version 11.4.0 (Ubuntu 11.4.0-1ubuntu1~22.04) 
... rest of stderr output deleted ...
configure:4452: $? = 0
configure:4441: gcc -V >&5
gcc: error: unrecognized command-line option '-V'
gcc: fatal error: no input files
compilation terminated.
configure:4452: $? = 1
configure:4441: gcc -qversion >&5
gcc: error: unrecognized command-line option '-qversion'; did you mean '--version'?
gcc: fatal error: no input files
compilation terminated.
configure:4452: $? = 1
configure:4441: gcc -version >&5
gcc: error: unrecognized command-line option '-version'
gcc: fatal error: no input files
compilation terminated.
configure:4452: $? = 1
configure:4456: checking whether the compiler supports GNU C
configure:4488: result: yes
configure:4499: checking whether gcc accepts -g
configure:4567: result: yes
configure:4587: checking for gcc option to enable C11 features
configure:4621: result: none needed
configure:4746: checking build system type
configure:4762: result: x86_64-unknown-linux-gnu
configure:4782: checking host system type
configure:4797: result: x86_64-unknown-linux-gnu
configure:4817: checking target system type
configure:4832: result: x86_64-unknown-linux-gnu
configure:4858: checking for an ANSI C-conforming const
configure:4925: gcc -c -g -O2 -Wall -D_FORTIFY_SOURCE=2  conftest.c >&5
configure:4925: $? = 0
configure:4935: result: yes
configure:4943: checking for working volatile
configure:4963: gcc -c -g -O2 -Wall -D_FORTIFY_SOURCE=2  conftest.c >&5
configure:4963: $? = 0
configure:4973: result: yes
configure:4981: checking whether byte ordering is bigendian
configure:4997: gcc -c -g -O2 -Wall -D_FORTIFY_SOURCE=2  conftest.c >&5
conftest.c:38:16: error: unknown type name 'not'
   38 |                not a universal capable compiler
      |                ^~~
conftest.c:38:22: error: expected '=', ',', ';', 'asm' or '__attribute__' before 'universal'
   38 |                not a universal capable compiler
      |                      ^~~~~~~~~
conftest.c:38:22: error: unknown type name 'universal'
configure:4997: $? = 1
configure: failed program was:
| /* confdefs.h */
| #define PACKAGE_NAME "btrfs-progs"
| #define PACKAGE_TARNAME "btrfs-progs"
| #define PACKAGE_VERSION "v6.9"
| #define PACKAGE_STRING "btrfs-progs v6.9"
| #define PACKAGE_BUGREPORT "linux-btrfs@vger.kernel.org"
| #define PACKAGE_URL "https://btrfs.readthedocs.io"
| #define HAVE_STDIO_H 1
| #define HAVE_STDLIB_H 1
| #define HAVE_STRING_H 1
| #define HAVE_INTTYPES_H 1
| #define HAVE_STDINT_H 1
| #define HAVE_STRINGS_H 1
| #define HAVE_SYS_STAT_H 1
| #define HAVE_SYS_TYPES_H 1
| #define HAVE_UNISTD_H 1
| #define HAVE_WCHAR_H 1
| #define STDC_HEADERS 1
| #define _ALL_SOURCE 1
| #define _DARWIN_C_SOURCE 1
| #define _GNU_SOURCE 1
| #define _HPUX_ALT_XOPEN_SOCKET_API 1
| #define _NETBSD_SOURCE 1
| #define _OPENBSD_SOURCE 1
| #define _POSIX_PTHREAD_SEMANTICS 1
| #define __STDC_WANT_IEC_60559_ATTRIBS_EXT__ 1
| #define __STDC_WANT_IEC_60559_BFP_EXT__ 1
| #define __STDC_WANT_IEC_60559_DFP_EXT__ 1
| #define __STDC_WANT_IEC_60559_EXT__ 1
| #define __STDC_WANT_IEC_60559_FUNCS_EXT__ 1
| #define __STDC_WANT_IEC_60559_TYPES_EXT__ 1
| #define __STDC_WANT_LIB_EXT2__ 1
| #define __STDC_WANT_MATH_SPEC_FUNCS__ 1
| #define _TANDEM_SOURCE 1
| #define __EXTENSIONS__ 1
| /* end confdefs.h.  */
| #ifndef __APPLE_CC__
| 	       not a universal capable compiler
| 	     #endif
| 	     typedef int dummy;
| 
configure:5043: gcc -c -g -O2 -Wall -D_FORTIFY_SOURCE=2  conftest.c >&5
configure:5043: $? = 0
configure:5062: gcc -c -g -O2 -Wall -D_FORTIFY_SOURCE=2  conftest.c >&5
conftest.c: In function 'main':
conftest.c:44:18: error: unknown type name 'not'; did you mean 'ino_t'?
   44 |                  not big endian
      |                  ^~~
      |                  ino_t
conftest.c:44:26: error: expected '=', ',', ';', 'asm' or '__attribute__' before 'endian'
   44 |                  not big endian
      |                          ^~~~~~
configure:5062: $? = 1
configure: failed program was:
| /* confdefs.h */
| #define PACKAGE_NAME "btrfs-progs"
| #define PACKAGE_TARNAME "btrfs-progs"
| #define PACKAGE_VERSION "v6.9"
| #define PACKAGE_STRING "btrfs-progs v6.9"
| #define PACKAGE_BUGREPORT "linux-btrfs@vger.kernel.org"
| #define PACKAGE_URL "https://btrfs.readthedocs.io"
| #define HAVE_STDIO_H 1
| #define HAVE_STDLIB_H 1
| #define HAVE_STRING_H 1
| #define HAVE_INTTYPES_H 1
| #define HAVE_STDINT_H 1
| #define HAVE_STRINGS_H 1
| #define HAVE_SYS_STAT_H 1
| #define HAVE_SYS_TYPES_H 1
| #define HAVE_UNISTD_H 1
| #define HAVE_WCHAR_H 1
| #define STDC_HEADERS 1
| #define _ALL_SOURCE 1
| #define _DARWIN_C_SOURCE 1
| #define _GNU_SOURCE 1
| #define _HPUX_ALT_XOPEN_SOCKET_API 1
| #define _NETBSD_SOURCE 1
| #define _OPENBSD_SOURCE 1
| #define _POSIX_PTHREAD_SEMANTICS 1
| #define __STDC_WANT_IEC_60559_ATTRIBS_EXT__ 1
| #define __STDC_WANT_IEC_60559_BFP_EXT__ 1
| #define __STDC_WANT_IEC_60559_DFP_EXT__ 1
| #define __STDC_WANT_IEC_60559_EXT__ 1
| #define __STDC_WANT_IEC_60559_FUNCS_EXT__ 1
| #define __STDC_WANT_IEC_60559_TYPES_EXT__ 1
| #define __STDC_WANT_LIB_EXT2__ 1
| #define __STDC_WANT_MATH_SPEC_FUNCS__ 1
| #define _TANDEM_SOURCE 1
| #define __EXTENSIONS__ 1
| /* end confdefs.h.  */
| #include <sys/types.h>
| 		#include <sys/param.h>
| 
| int
| main (void)
| {
| #if BYTE_ORDER != BIG_ENDIAN
| 		 not big endian
| 		#endif
| 
|   ;
|   return 0;
| }
configure:5203: result: no
configure:5225: checking whether C compiler accepts -msse2
configure:5245: gcc -c -g -O2 -Wall -D_FORTIFY_SOURCE=2  -msse2  conftest.c >&5
configure:5245: $? = 0
configure:5256: result: yes
configure:5271: checking whether C compiler accepts -msse4.1
configure:5291: gcc -c -g -O2 -Wall -D_FORTIFY_SOURCE=2  -msse4.1  conftest.c >&5
configure:5291: $? = 0
configure:5302: result: yes
configure:5317: checking whether C compiler accepts -mavx2
configure:5337: gcc -c -g -O2 -Wall -D_FORTIFY_SOURCE=2  -mavx2  conftest.c >&5
configure:5337: $? = 0
configure:5348: result: yes
configure:5363: checking whether C compiler accepts -msha
configure:5383: gcc -c -g -O2 -Wall -D_FORTIFY_SOURCE=2  -msha  conftest.c >&5
configure:5383: $? = 0
configure:5394: result: yes
configure:5411: checking whether C compiler accepts -std=gnu11
configure:5431: gcc -c -g -O2 -Wall -D_FORTIFY_SOURCE=2  -std=gnu11  conftest.c >&5
configure:5431: $? = 0
configure:5442: result: yes
configure:5460: checking for  option for large files
configure:5495: gcc -c -g -O2 -Wall -D_FORTIFY_SOURCE=2  conftest.c >&5
configure:5495: $? = 0
configure:5501: gcc -c -g -O2 -Wall -D_FORTIFY_SOURCE=2  -DFTYPE=ino_t conftest.c >&5
configure:5501: $? = 0
configure:5526: result: none needed
configure:5642: checking for a BSD-compatible install
configure:5716: result: /usr/bin/install -c
configure:5727: checking whether ln -s works
configure:5731: result: yes
configure:5787: checking for ar
configure:5808: found /usr/bin/ar
configure:5820: result: ar
configure:5844: checking for rm
configure:5867: found /usr/bin/rm
configure:5881: result: /usr/bin/rm
configure:5891: checking for rmdir
configure:5914: found /usr/bin/rmdir
configure:5928: result: /usr/bin/rmdir
configure:5941: checking for openat
configure:5941: gcc -o conftest -g -O2 -Wall -D_FORTIFY_SOURCE=2   conftest.c  >&5
configure:5941: $? = 0
configure:5941: result: yes
configure:5953: checking for reallocarray
configure:5953: gcc -o conftest -g -O2 -Wall -D_FORTIFY_SOURCE=2   conftest.c  >&5
configure:5953: $? = 0
configure:5953: result: yes
configure:5961: checking for clock_gettime
configure:5961: gcc -o conftest -g -O2 -Wall -D_FORTIFY_SOURCE=2   conftest.c  >&5
configure:5961: $? = 0
configure:5961: result: yes
configure:5970: checking for __GLIBC__ defined in features.h
configure:5993: gcc -c -g -O2 -Wall -D_FORTIFY_SOURCE=2  conftest.c >&5
conftest.c: In function 'main':
conftest.c:50:7: warning: unused variable 'ok' [-Wunused-variable]
   50 |   int ok;
      |       ^~
configure:5993: $? = 0
configure:6003: result: yes
configure:6017: checking for __builtin_add_overflow
configure:6037: gcc -o conftest -g -O2 -Wall -D_FORTIFY_SOURCE=2   conftest.c  >&5
conftest.c: In function 'main':
conftest.c:49:13: warning: argument 3 null where non-null expected [-Wnonnull]
   49 |             __builtin_add_overflow(0, 1, (int *)0)
      |             ^~~~~~~~~~~~~~~~~~~~~~
<built-in>: note: in a call to function '__builtin_add_overflow' declared 'nonnull'
conftest.c:49:13: warning: right-hand operand of comma expression has no effect [-Wunused-value]
   49 |             __builtin_add_overflow(0, 1, (int *)0)
      |             ^~~~~~~~~~~~~~~~~~~~~~~~~~~~~~~~~~~~~~
configure:6037: $? = 0
configure:6049: result: yes
configure:6064: checking for __builtin_sub_overflow
configure:6084: gcc -o conftest -g -O2 -Wall -D_FORTIFY_SOURCE=2   conftest.c  >&5
conftest.c: In function 'main':
conftest.c:50:13: warning: argument 3 null where non-null expected [-Wnonnull]
   50 |             __builtin_sub_overflow(0, 1, (int *)0)
      |             ^~~~~~~~~~~~~~~~~~~~~~
<built-in>: note: in a call to function '__builtin_sub_overflow' declared 'nonnull'
conftest.c:50:13: warning: right-hand operand of comma expression has no effect [-Wunused-value]
   50 |             __builtin_sub_overflow(0, 1, (int *)0)
      |             ^~~~~~~~~~~~~~~~~~~~~~~~~~~~~~~~~~~~~~
configure:6084: $? = 0
configure:6096: result: yes
configure:6111: checking for __builtin_mul_overflow
configure:6131: gcc -o conftest -g -O2 -Wall -D_FORTIFY_SOURCE=2   conftest.c  >&5
conftest.c: In function 'main':
conftest.c:51:13: warning: argument 3 null where non-null expected [-Wnonnull]
   51 |             __builtin_mul_overflow(0, 1, (int *)0)
      |             ^~~~~~~~~~~~~~~~~~~~~~
<built-in>: note: in a call to function '__builtin_mul_overflow' declared 'nonnull'
conftest.c:51:13: warning: right-hand operand of comma expression has no effect [-Wunused-value]
   51 |             __builtin_mul_overflow(0, 1, (int *)0)
      |             ^~~~~~~~~~~~~~~~~~~~~~~~~~~~~~~~~~~~~~
configure:6131: $? = 0
configure:6143: result: yes
configure:6158: checking for __builtin_cpu_supports__pclmul
configure:6178: gcc -o conftest -g -O2 -Wall -D_FORTIFY_SOURCE=2   conftest.c  >&5
conftest.c: In function 'main':
conftest.c:52:13: warning: statement with no effect [-Wunused-value]
   52 |             __builtin_cpu_supports("pclmul")
      |             ^~~~~~~~~~~~~~~~~~~~~~
configure:6178: $? = 0
configure:6190: result: yes
configure:6203: checking for linux/perf_event.h
configure:6203: gcc -c -g -O2 -Wall -D_FORTIFY_SOURCE=2  conftest.c >&5
configure:6203: $? = 0
configure:6203: result: yes
configure:6210: checking for linux/hw_breakpoint.h
configure:6210: gcc -c -g -O2 -Wall -D_FORTIFY_SOURCE=2  conftest.c >&5
configure:6210: $? = 0
configure:6210: result: yes
configure:6217: checking for linux/fsverity.h
configure:6217: gcc -c -g -O2 -Wall -D_FORTIFY_SOURCE=2  conftest.c >&5
configure:6217: $? = 0
configure:6217: result: yes
configure:6224: checking for printf.h
configure:6224: gcc -c -g -O2 -Wall -D_FORTIFY_SOURCE=2  conftest.c >&5
configure:6224: $? = 0
configure:6224: result: yes
configure:6299: checking for pkg-config
configure:6322: found /usr/bin/pkg-config
configure:6335: result: /usr/bin/pkg-config
configure:6360: checking pkg-config is at least version 0.9.0
configure:6363: result: yes
configure:6397: checking for execinfo.h
configure:6397: gcc -c -g -O2 -Wall -D_FORTIFY_SOURCE=2  conftest.c >&5
configure:6397: $? = 0
configure:6397: result: yes
configure:6408: checking for backtrace
configure:6408: gcc -o conftest -g -O2 -Wall -D_FORTIFY_SOURCE=2   conftest.c  >&5
configure:6408: $? = 0
configure:6408: result: yes
configure:6408: checking for backtrace_symbols_fd
configure:6408: gcc -o conftest -g -O2 -Wall -D_FORTIFY_SOURCE=2   conftest.c  >&5
configure:6408: $? = 0
configure:6408: result: yes
configure:6448: checking for sphinx-build
configure:6471: found /usr/bin/sphinx-build
configure:6484: result: /usr/bin/sphinx-build
configure:6492: checking for a sed that does not truncate output
configure:6564: result: /usr/bin/sed
configure:6680: checking for ext2fs
configure:6687: $PKG_CONFIG --exists --print-errors "ext2fs"
configure:6690: $? = 0
configure:6704: $PKG_CONFIG --exists --print-errors "ext2fs"
configure:6707: $? = 0
configure:6765: result: yes
configure:6771: checking for com_err
configure:6778: $PKG_CONFIG --exists --print-errors "com_err"
configure:6781: $? = 0
configure:6795: $PKG_CONFIG --exists --print-errors "com_err"
configure:6798: $? = 0
configure:6856: result: yes
configure:6866: checking for reiserfscore >= 3.6.27
configure:6873: $PKG_CONFIG --exists --print-errors "reiserfscore >= 3.6.27"
Package reiserfscore was not found in the pkg-config search path.
Perhaps you should add the directory containing `reiserfscore.pc'
to the PKG_CONFIG_PATH environment variable
No package 'reiserfscore' found
configure:6876: $? = 1
configure:6890: $PKG_CONFIG --exists --print-errors "reiserfscore >= 3.6.27"
Package reiserfscore was not found in the pkg-config search path.
Perhaps you should add the directory containing `reiserfscore.pc'
to the PKG_CONFIG_PATH environment variable
No package 'reiserfscore' found
configure:6893: $? = 1
configure:6907: result: no
No package 'reiserfscore' found
configure:7575: checking for FIEMAP_EXTENT_SHARED defined in linux/fiemap.h
configure:7598: gcc -c -g -O2 -Wall -D_FORTIFY_SOURCE=2  conftest.c >&5
conftest.c: In function 'main':
conftest.c:68:7: warning: unused variable 'ok' [-Wunused-variable]
   68 |   int ok;
      |       ^~
configure:7598: $? = 0
configure:7608: result: yes
configure:7623: checking for EXT4_EPOCH_MASK defined in ext2fs/ext2_fs.h
configure:7646: gcc -c -g -O2 -Wall -D_FORTIFY_SOURCE=2  conftest.c >&5
conftest.c: In function 'main':
conftest.c:68:7: warning: unused variable 'ok' [-Wunused-variable]
   68 |   int ok;
      |       ^~
configure:7646: $? = 0
configure:7656: result: yes
configure:7705: checking for linux/blkzoned.h
configure:7705: gcc -c -g -O2 -Wall -D_FORTIFY_SOURCE=2  conftest.c >&5
configure:7705: $? = 0
configure:7705: result: yes
configure:7714: checking for struct blk_zone.capacity
configure:7714: gcc -c -g -O2 -Wall -D_FORTIFY_SOURCE=2  conftest.c >&5
configure:7714: $? = 0
configure:7714: result: yes
configure:7725: checking for BLKGETZONESZ defined in linux/blkzoned.h
configure:7748: gcc -c -g -O2 -Wall -D_FORTIFY_SOURCE=2  conftest.c >&5
conftest.c: In function 'main':
conftest.c:69:7: warning: unused variable 'ok' [-Wunused-variable]
   69 |   int ok;
      |       ^~
configure:7748: $? = 0
configure:7758: result: yes
configure:7824: checking for blkid
configure:7831: $PKG_CONFIG --exists --print-errors "blkid"
configure:7834: $? = 0
configure:7848: $PKG_CONFIG --exists --print-errors "blkid"
configure:7851: $? = 0
configure:7909: result: yes
configure:7914: ${PKG_CONFIG} --exists --print-errors "blkid"
configure:7917: $? = 0
configure:7928: checking for uuid
configure:7935: $PKG_CONFIG --exists --print-errors "uuid"
configure:7938: $? = 0
configure:7952: $PKG_CONFIG --exists --print-errors "uuid"
configure:7955: $? = 0
configure:8013: result: yes
configure:8018: ${PKG_CONFIG} --exists --print-errors "uuid"
configure:8021: $? = 0
configure:8032: checking for zlib
configure:8039: $PKG_CONFIG --exists --print-errors "zlib"
configure:8042: $? = 0
configure:8056: $PKG_CONFIG --exists --print-errors "zlib"
configure:8059: $? = 0
configure:8117: result: yes
configure:8122: ${PKG_CONFIG} --exists --print-errors "zlib"
configure:8125: $? = 0
configure:8148: checking for libzstd >= 1.0.0
configure:8155: $PKG_CONFIG --exists --print-errors "libzstd >= 1.0.0"
configure:8158: $? = 0
configure:8172: $PKG_CONFIG --exists --print-errors "libzstd >= 1.0.0"
configure:8175: $? = 0
configure:8233: result: yes
configure:8238: ${PKG_CONFIG} --exists --print-errors "libzstd"
configure:8241: $? = 0
configure:8274: checking for libudev
configure:8281: $PKG_CONFIG --exists --print-errors "libudev"
configure:8284: $? = 0
configure:8298: $PKG_CONFIG --exists --print-errors "libudev"
configure:8301: $? = 0
configure:8359: result: yes
configure:8417: checking for a Python interpreter with version >= 3.4
configure:8435: python -c import sys # split strings by '.' and convert to numeric. Append some zeros # because we need at least 4 digits for the hex conversion. # map returns an iterator in Python 3.0 and a list in 2.x minver = list(map(int, '3.4'.split('.'))) + [0, 0, 0] minverhex = 0 # xrange is not present in Python 3.0 and range returns an iterator for i in list(range(0, 4)): minverhex = (minverhex << 8) + minver[i] sys.exit(sys.hexversion < minverhex)
./configure: line 8436: python: command not found
configure:8438: $? = 127
configure:8435: python2 -c import sys # split strings by '.' and convert to numeric. Append some zeros # because we need at least 4 digits for the hex conversion. # map returns an iterator in Python 3.0 and a list in 2.x minver = list(map(int, '3.4'.split('.'))) + [0, 0, 0] minverhex = 0 # xrange is not present in Python 3.0 and range returns an iterator for i in list(range(0, 4)): minverhex = (minverhex << 8) + minver[i] sys.exit(sys.hexversion < minverhex)
./configure: line 8436: python2: command not found
configure:8438: $? = 127
configure:8435: python3 -c import sys # split strings by '.' and convert to numeric. Append some zeros # because we need at least 4 digits for the hex conversion. # map returns an iterator in Python 3.0 and a list in 2.x minver = list(map(int, '3.4'.split('.'))) + [0, 0, 0] minverhex = 0 # xrange is not present in Python 3.0 and range returns an iterator for i in list(range(0, 4)): minverhex = (minverhex << 8) + minver[i] sys.exit(sys.hexversion < minverhex)
configure:8438: $? = 0
configure:8446: result: python3
configure:8454: checking for python3
configure:8477: found /usr/bin/python3
configure:8490: result: /usr/bin/python3
configure:8507: checking for python3 version
configure:8516: result: 3.10
configure:8521: checking for python3 platform
configure:8530: result: linux
configure:8593: checking for GNU default python3 prefix
configure:8595: result: ${prefix}
configure:8663: checking for GNU default python3 exec_prefix
configure:8665: result: ${exec_prefix}
configure:8698: checking for python3 script directory (pythondir)
configure:8734: result: ${PYTHON_PREFIX}/local/lib/python3.10/dist-packages
configure:8742: checking for python3 extension module directory (pyexecdir)
configure:8778: result: ${PYTHON_EXEC_PREFIX}/local/lib/python3.10/dist-packages
configure:8791: checking for python-3.10
configure:8798: $PKG_CONFIG --exists --print-errors "python-${PYTHON_VERSION}"
configure:8801: $? = 0
configure:8815: $PKG_CONFIG --exists --print-errors "python-${PYTHON_VERSION}"
configure:8818: $? = 0
configure:8876: result: yes
configure:8939: checking for lzo_version in -llzo2
configure:8968: gcc -o conftest -g -O2 -Wall -D_FORTIFY_SOURCE=2   conftest.c -llzo2   >&5
configure:8968: $? = 0
configure:8980: result: yes
configure:9159: creating ./config.status

## ---------------------- ##
## Running config.status. ##
## ---------------------- ##

This file was extended by btrfs-progs config.status v6.9, which was
generated by GNU Autoconf 2.72.  Invocation command line was

  CONFIG_FILES    = 
  CONFIG_HEADERS  = 
  CONFIG_LINKS    = 
  CONFIG_COMMANDS = 
  $ ./config.status 

on sys5

config.status:946: creating Makefile.inc
config.status:946: creating Documentation/Makefile
config.status:946: creating libbtrfs/version.h
config.status:946: creating libbtrfsutil/libbtrfsutil.pc
config.status:946: creating include/config.h
configure:10326: result:
	btrfs-progs:        v6.9
	libbtrfs:           0.1.3 (deprecated)
	libbtrfsutil:       1.3.1

	prefix:             /usr/local
	exec prefix:        ${prefix}

	bindir:             ${exec_prefix}/bin
	libdir:             ${exec_prefix}/lib
	includedir:         ${prefix}/include
	pkgconfigdir:       ${libdir}/pkgconfig

	compiler:           gcc
	CFLAGS:             -g -O2 -Wall -D_FORTIFY_SOURCE=2
	LDFLAGS:            

	programs:           yes
	shared libraries:   yes
	static libraries:   yes
	documentation:      yes
	doc generator:      sphinx
	backtrace support:  yes
	btrfs-convert:      yes (ext2)
	zstd support:       yes
	lzo support:        yes
	fsverity support:   yes
	Python bindings:    yes
	Python interpreter: /usr/bin/python3
	crypto provider:    builtin 
	libudev:            yes
	zoned device:       yes
	
	Type 'make' to compile.


## ---------------- ##
## Cache variables. ##
## ---------------- ##

ac_cv_build=x86_64-unknown-linux-gnu
ac_cv_c_bigendian=no
ac_cv_c_compiler_gnu=yes
ac_cv_c_const=yes
ac_cv_c_volatile=yes
ac_cv_defined_BLKGETZONESZ_linux_blkzoned_h=yes
ac_cv_defined_EXT4_EPOCH_MASK_ext2fs_ext2_fs_h=yes
ac_cv_defined_FIEMAP_EXTENT_SHARED_linux_fiemap_h=yes
ac_cv_defined___GLIBC___features_h=yes
ac_cv_env_BLKID_CFLAGS_set=
ac_cv_env_BLKID_CFLAGS_value=
ac_cv_env_BLKID_LIBS_set=
ac_cv_env_BLKID_LIBS_value=
ac_cv_env_BOTAN_CFLAGS_set=
ac_cv_env_BOTAN_CFLAGS_value=
ac_cv_env_BOTAN_LIBS_set=
ac_cv_env_BOTAN_LIBS_value=
ac_cv_env_CC_set=
ac_cv_env_CC_value=
ac_cv_env_CFLAGS_set=
ac_cv_env_CFLAGS_value=
ac_cv_env_COM_ERR_CFLAGS_set=
ac_cv_env_COM_ERR_CFLAGS_value=
ac_cv_env_COM_ERR_LIBS_set=
ac_cv_env_COM_ERR_LIBS_value=
ac_cv_env_CPPFLAGS_set=
ac_cv_env_CPPFLAGS_value=
ac_cv_env_EXT2FS_CFLAGS_set=
ac_cv_env_EXT2FS_CFLAGS_value=
ac_cv_env_EXT2FS_LIBS_set=
ac_cv_env_EXT2FS_LIBS_value=
ac_cv_env_GCRYPT_CFLAGS_set=
ac_cv_env_GCRYPT_CFLAGS_value=
ac_cv_env_GCRYPT_LIBS_set=
ac_cv_env_GCRYPT_LIBS_value=
ac_cv_env_KCAPI_CFLAGS_set=
ac_cv_env_KCAPI_CFLAGS_value=
ac_cv_env_KCAPI_LIBS_set=
ac_cv_env_KCAPI_LIBS_value=
ac_cv_env_LDFLAGS_set=
ac_cv_env_LDFLAGS_value=
ac_cv_env_LIBS_set=
ac_cv_env_LIBS_value=
ac_cv_env_LIBUDEV_CFLAGS_set=
ac_cv_env_LIBUDEV_CFLAGS_value=
ac_cv_env_LIBUDEV_LIBS_set=
ac_cv_env_LIBUDEV_LIBS_value=
ac_cv_env_OPENSSL_CFLAGS_set=
ac_cv_env_OPENSSL_CFLAGS_value=
ac_cv_env_OPENSSL_LIBS_set=
ac_cv_env_OPENSSL_LIBS_value=
ac_cv_env_PKG_CONFIG_LIBDIR_set=
ac_cv_env_PKG_CONFIG_LIBDIR_value=
ac_cv_env_PKG_CONFIG_PATH_set=
ac_cv_env_PKG_CONFIG_PATH_value=
ac_cv_env_PKG_CONFIG_set=
ac_cv_env_PKG_CONFIG_value=
ac_cv_env_PYTHON_CFLAGS_set=
ac_cv_env_PYTHON_CFLAGS_value=
ac_cv_env_PYTHON_LIBS_set=
ac_cv_env_PYTHON_LIBS_value=
ac_cv_env_PYTHON_set=
ac_cv_env_PYTHON_value=
ac_cv_env_REISERFS_CFLAGS_set=
ac_cv_env_REISERFS_CFLAGS_value=
ac_cv_env_REISERFS_LIBS_set=
ac_cv_env_REISERFS_LIBS_value=
ac_cv_env_SODIUM_CFLAGS_set=
ac_cv_env_SODIUM_CFLAGS_value=
ac_cv_env_SODIUM_LIBS_set=
ac_cv_env_SODIUM_LIBS_value=
ac_cv_env_UUID_CFLAGS_set=
ac_cv_env_UUID_CFLAGS_value=
ac_cv_env_UUID_LIBS_set=
ac_cv_env_UUID_LIBS_value=
ac_cv_env_ZLIB_CFLAGS_set=
ac_cv_env_ZLIB_CFLAGS_value=
ac_cv_env_ZLIB_LIBS_set=
ac_cv_env_ZLIB_LIBS_value=
ac_cv_env_ZSTD_CFLAGS_set=
ac_cv_env_ZSTD_CFLAGS_value=
ac_cv_env_ZSTD_LIBS_set=
ac_cv_env_ZSTD_LIBS_value=
ac_cv_env_build_alias_set=
ac_cv_env_build_alias_value=
ac_cv_env_host_alias_set=
ac_cv_env_host_alias_value=
ac_cv_env_target_alias_set=
ac_cv_env_target_alias_value=
ac_cv_func_backtrace=yes
ac_cv_func_backtrace_symbols_fd=yes
ac_cv_func_clock_gettime=yes
ac_cv_func_openat=yes
ac_cv_func_reallocarray=yes
ac_cv_header_execinfo_h=yes
ac_cv_header_inttypes_h=yes
ac_cv_header_linux_blkzoned_h=yes
ac_cv_header_linux_fsverity_h=yes
ac_cv_header_linux_hw_breakpoint_h=yes
ac_cv_header_linux_perf_event_h=yes
ac_cv_header_minix_config_h=no
ac_cv_header_printf_h=yes
ac_cv_header_stdint_h=yes
ac_cv_header_stdio_h=yes
ac_cv_header_stdlib_h=yes
ac_cv_header_string_h=yes
ac_cv_header_strings_h=yes
ac_cv_header_sys_stat_h=yes
ac_cv_header_sys_types_h=yes
ac_cv_header_unistd_h=yes
ac_cv_header_wchar_h=yes
ac_cv_host=x86_64-unknown-linux-gnu
ac_cv_lib_lzo2_lzo_version=yes
ac_cv_member_struct_blk_zone_capacity=yes
ac_cv_objext=o
ac_cv_path_PYTHON=/usr/bin/python3
ac_cv_path_RM=/usr/bin/rm
ac_cv_path_RMDIR=/usr/bin/rmdir
ac_cv_path_SED=/usr/bin/sed
ac_cv_path_SPHINX=/usr/bin/sphinx-build
ac_cv_path_ac_pt_PKG_CONFIG=/usr/bin/pkg-config
ac_cv_path_install='/usr/bin/install -c'
ac_cv_prog_ac_ct_AR=ar
ac_cv_prog_ac_ct_CC=gcc
ac_cv_prog_cc_c11=
ac_cv_prog_cc_g=yes
ac_cv_prog_cc_stdc=
ac_cv_safe_to_define___extensions__=yes
ac_cv_should_define__xopen_source=no
ac_cv_sys_largefile_opts='none needed'
ac_cv_target=x86_64-unknown-linux-gnu
am_cv_pathless_PYTHON=python3
am_cv_python_platform=linux
am_cv_python_pyexecdir='${PYTHON_EXEC_PREFIX}/local/lib/python3.10/dist-packages'
am_cv_python_pythondir='${PYTHON_PREFIX}/local/lib/python3.10/dist-packages'
am_cv_python_version=3.10
ax_cv_check_cflags___mavx2=yes
ax_cv_check_cflags___msha=yes
ax_cv_check_cflags___msse2=yes
ax_cv_check_cflags___msse4_1=yes
ax_cv_check_cflags___std_gnu11=yes
ax_cv_have___builtin_add_overflow=yes
ax_cv_have___builtin_cpu_supports__pclmul=yes
ax_cv_have___builtin_mul_overflow=yes
ax_cv_have___builtin_sub_overflow=yes
pkg_cv_BLKID_CFLAGS=-I/usr/include/blkid
pkg_cv_BLKID_LIBS=-lblkid
pkg_cv_COM_ERR_CFLAGS=-I/usr/include/et
pkg_cv_COM_ERR_LIBS=-lcom_err
pkg_cv_EXT2FS_CFLAGS='-I/usr/include/ext2fs -I/usr/include/et'
pkg_cv_EXT2FS_LIBS=-lext2fs
pkg_cv_LIBUDEV_CFLAGS=
pkg_cv_LIBUDEV_LIBS=-ludev
pkg_cv_PYTHON_CFLAGS='-I/usr/include/python3.10 -I/usr/include/x86_64-linux-gnu/python3.10'
pkg_cv_PYTHON_LIBS=
pkg_cv_UUID_CFLAGS=-I/usr/include/uuid
pkg_cv_UUID_LIBS=-luuid
pkg_cv_ZLIB_CFLAGS=-I/usr/local/include
pkg_cv_ZLIB_LIBS='-L/usr/local/lib -lz'
pkg_cv_ZSTD_CFLAGS=
pkg_cv_ZSTD_LIBS=-lzstd

## ----------------- ##
## Output variables. ##
## ----------------- ##

AR='ar'
BLKID_CFLAGS='-I/usr/include/blkid'
BLKID_LIBS='-lblkid'
BLKID_LIBS_STATIC='-lblkid'
BOTAN_CFLAGS=''
BOTAN_LIBS=''
BTRFSCONVERT_EXT2='1'
BTRFSCONVERT_REISERFS='0'
BTRFS_UTIL_VERSION_MAJOR='1'
BTRFS_UTIL_VERSION_MINOR='3'
BTRFS_UTIL_VERSION_PATCH='1'
BTRFS_VERSION_MAJOR='6'
BTRFS_VERSION_MINOR='9'
BTRFS_VERSION_PATCHLEVEL=''
BTRFS_VERSION_PLAIN='6.9'
BUILD_PROGRAMS='1'
BUILD_SHARED_LIBRARIES='1'
BUILD_STATIC_LIBRARIES='1'
CC='gcc'
CFLAGS='-g -O2 -Wall -D_FORTIFY_SOURCE=2'
COMPRESSION_LZO='1'
COMPRESSION_ZSTD='1'
COM_ERR_CFLAGS='-I/usr/include/et'
COM_ERR_LIBS='-lcom_err'
CPPFLAGS=''
CRYPTOPROVIDER_BOTAN='0'
CRYPTOPROVIDER_BUILTIN='1'
CRYPTOPROVIDER_LIBGCRYPT='0'
CRYPTOPROVIDER_LIBKCAPI='0'
CRYPTOPROVIDER_LIBSODIUM='0'
CRYPTOPROVIDER_OPENSSL='0'
DEFS='-DHAVE_CONFIG_H'
DISABLE_BTRFSCONVERT='0'
DISABLE_DOCUMENTATION='0'
DOC_TOOL='sphinx'
ECHO_C=''
ECHO_N='-n'
ECHO_T=''
EXEEXT=''
EXPERIMENTAL='0'
EXT2FS_CFLAGS='-I/usr/include/ext2fs -I/usr/include/et'
EXT2FS_LIBS='-lext2fs'
GCRYPT_CFLAGS=''
GCRYPT_LIBS=''
HAVE_CFLAG_mavx2='1'
HAVE_CFLAG_msha='1'
HAVE_CFLAG_msse2='1'
HAVE_CFLAG_msse41='1'
HAVE_GLIBC='1'
INSTALL_DATA='${INSTALL} -m 644'
INSTALL_PROGRAM='${INSTALL}'
INSTALL_SCRIPT='${INSTALL}'
KCAPI_CFLAGS=''
KCAPI_LIBS=''
LDFLAGS=''
LIBBTRFS_MAJOR='0'
LIBBTRFS_MINOR='1'
LIBBTRFS_PATCHLEVEL='3'
LIBOBJS=''
LIBS=''
LIBUDEV_CFLAGS=''
LIBUDEV_LIBS='-ludev'
LN_S='ln -s'
LTLIBOBJS=''
LZO2_CFLAGS=''
LZO2_LIBS='-llzo2'
LZO2_LIBS_STATIC='-llzo2'
OBJEXT='o'
OPENSSL_CFLAGS=''
OPENSSL_LIBS=''
PACKAGE_BUGREPORT='linux-btrfs@vger.kernel.org'
PACKAGE_NAME='btrfs-progs'
PACKAGE_STRING='btrfs-progs v6.9'
PACKAGE_TARNAME='btrfs-progs'
PACKAGE_URL='https://btrfs.readthedocs.io'
PACKAGE_VERSION='v6.9'
PATH_SEPARATOR=':'
PKG_CONFIG='/usr/bin/pkg-config'
PKG_CONFIG_LIBDIR=''
PKG_CONFIG_PATH=''
PYTHON='/usr/bin/python3'
PYTHON_BINDINGS='1'
PYTHON_CFLAGS='-I/usr/include/python3.10 -I/usr/include/x86_64-linux-gnu/python3.10'
PYTHON_EXEC_PREFIX='${exec_prefix}'
PYTHON_LIBS=''
PYTHON_PLATFORM='linux'
PYTHON_PREFIX='${prefix}'
PYTHON_VERSION='3.10'
REISERFS_CFLAGS=''
REISERFS_LIBS=''
RM='/usr/bin/rm'
RMDIR='/usr/bin/rmdir'
SED='/usr/bin/sed'
SHELL='/bin/bash'
SODIUM_CFLAGS=''
SODIUM_LIBS=''
SPHINX='/usr/bin/sphinx-build'
UDEVDIR='/lib/udev'
UUID_CFLAGS='-I/usr/include/uuid'
UUID_LIBS='-luuid'
UUID_LIBS_STATIC='-luuid'
ZLIB_CFLAGS='-I/usr/local/include'
ZLIB_LIBS='-L/usr/local/lib -lz'
ZLIB_LIBS_STATIC='-L/usr/local/lib -lz'
ZSTD_CFLAGS=''
ZSTD_LIBS='-lzstd'
ZSTD_LIBS_STATIC='-lzstd'
ac_ct_CC='gcc'
bindir='${exec_prefix}/bin'
build='x86_64-unknown-linux-gnu'
build_alias=''
build_cpu='x86_64'
build_os='linux-gnu'
build_vendor='unknown'
datadir='${datarootdir}'
datarootdir='${prefix}/share'
docdir='${datarootdir}/doc/${PACKAGE_TARNAME}'
dvidir='${docdir}'
exec_prefix='${prefix}'
host='x86_64-unknown-linux-gnu'
host_alias=''
host_cpu='x86_64'
host_os='linux-gnu'
host_vendor='unknown'
htmldir='${docdir}'
includedir='${prefix}/include'
infodir='${datarootdir}/info'
libdir='${exec_prefix}/lib'
libexecdir='${exec_prefix}/libexec'
localedir='${datarootdir}/locale'
localstatedir='${prefix}/var'
mandir='${datarootdir}/man'
oldincludedir='/usr/include'
pdfdir='${docdir}'
pkgconfigdir='${libdir}/pkgconfig'
pkgpyexecdir='${pyexecdir}/'
pkgpythondir='${pythondir}/'
prefix='/usr/local'
program_transform_name='s,x,x,'
psdir='${docdir}'
pyexecdir='${PYTHON_EXEC_PREFIX}/local/lib/python3.10/dist-packages'
pythondir='${PYTHON_PREFIX}/local/lib/python3.10/dist-packages'
runstatedir='${localstatedir}/run'
sbindir='${exec_prefix}/sbin'
sharedstatedir='${prefix}/com'
sysconfdir='${prefix}/etc'
target='x86_64-unknown-linux-gnu'
target_alias=''
target_cpu='x86_64'
target_os='linux-gnu'
target_vendor='unknown'

## ----------- ##
## confdefs.h. ##
## ----------- ##

/* confdefs.h */
#define PACKAGE_NAME "btrfs-progs"
#define PACKAGE_TARNAME "btrfs-progs"
#define PACKAGE_VERSION "v6.9"
#define PACKAGE_STRING "btrfs-progs v6.9"
#define PACKAGE_BUGREPORT "linux-btrfs@vger.kernel.org"
#define PACKAGE_URL "https://btrfs.readthedocs.io"
#define HAVE_STDIO_H 1
#define HAVE_STDLIB_H 1
#define HAVE_STRING_H 1
#define HAVE_INTTYPES_H 1
#define HAVE_STDINT_H 1
#define HAVE_STRINGS_H 1
#define HAVE_SYS_STAT_H 1
#define HAVE_SYS_TYPES_H 1
#define HAVE_UNISTD_H 1
#define HAVE_WCHAR_H 1
#define STDC_HEADERS 1
#define _ALL_SOURCE 1
#define _DARWIN_C_SOURCE 1
#define _GNU_SOURCE 1
#define _HPUX_ALT_XOPEN_SOCKET_API 1
#define _NETBSD_SOURCE 1
#define _OPENBSD_SOURCE 1
#define _POSIX_PTHREAD_SEMANTICS 1
#define __STDC_WANT_IEC_60559_ATTRIBS_EXT__ 1
#define __STDC_WANT_IEC_60559_BFP_EXT__ 1
#define __STDC_WANT_IEC_60559_DFP_EXT__ 1
#define __STDC_WANT_IEC_60559_EXT__ 1
#define __STDC_WANT_IEC_60559_FUNCS_EXT__ 1
#define __STDC_WANT_IEC_60559_TYPES_EXT__ 1
#define __STDC_WANT_LIB_EXT2__ 1
#define __STDC_WANT_MATH_SPEC_FUNCS__ 1
#define _TANDEM_SOURCE 1
#define __EXTENSIONS__ 1
#define HAVE_CFLAG_msse2 1
#define HAVE_CFLAG_msse41 1
#define HAVE_CFLAG_mavx2 1
#define HAVE_CFLAG_msha 1
#define HAVE_OPENAT 1
#define HAVE_REALLOCARRAY 1
#define HAVE_CLOCK_GETTIME 1
#define HAVE___BUILTIN_ADD_OVERFLOW 1
#define HAVE___BUILTIN_SUB_OVERFLOW 1
#define HAVE___BUILTIN_MUL_OVERFLOW 1
#define HAVE___BUILTIN_CPU_SUPPORTS__PCLMUL 1
#define HAVE_LINUX_PERF_EVENT_H 1
#define HAVE_LINUX_HW_BREAKPOINT_H 1
#define HAVE_LINUX_FSVERITY_H 1
#define HAVE_PRINTF_H 1
#define HAVE_EXECINFO_H 1
#define HAVE_BACKTRACE 1
#define HAVE_BACKTRACE_SYMBOLS_FD 1
#define CRYPTOPROVIDER_BUILTIN 1
#define CRYPTOPROVIDER_LIBGCRYPT 0
#define CRYPTOPROVIDER_LIBSODIUM 0
#define CRYPTOPROVIDER_LIBKCAPI 0
#define CRYPTOPROVIDER_BOTAN 0
#define CRYPTOPROVIDER_OPENSSL 0
#define CRYPTOPROVIDER "builtin"
#define HAVE_EXT4_EPOCH_MASK_DEFINE 1
#define BTRFS_ZONED 1
#define HAVE_LIBUDEV 1
#define EXPERIMENTAL 0

configure: exit 0
